TN:
SF:C:\Users\User1\Desktop\Udaan\udaan/src/udaan-app/ajax-call.js
FN:8,(anonymous_0)
FN:18,(anonymous_1)
FN:30,(anonymous_2)
FN:43,(anonymous_3)
FN:62,(anonymous_4)
FNF:5
FNH:4
FNDA:1,(anonymous_0)
FNDA:1,(anonymous_1)
FNDA:6,(anonymous_2)
FNDA:0,(anonymous_3)
FNDA:2,(anonymous_4)
DA:9,1
DA:19,1
DA:31,6
DA:32,6
DA:33,6
DA:34,6
DA:35,6
DA:36,6
DA:44,0
DA:45,0
DA:46,0
DA:48,0
DA:49,0
DA:50,0
DA:56,0
DA:58,0
DA:64,2
DA:65,2
DA:66,2
DA:67,2
DA:68,2
DA:73,1
LF:22
LH:14
BRDA:33,0,0,0
BRDA:33,0,1,6
BRDA:48,1,0,0
BRDA:48,1,1,0
BRDA:48,1,2,0
BRDA:48,1,3,0
BRDA:66,2,0,2
BRF:7
BRH:2
end_of_record
TN:
SF:C:\Users\User1\Desktop\Udaan\udaan/src/udaan-app/udaan-schemes.js
FN:10,(anonymous_0)
FN:117,(anonymous_1)
FN:144,(anonymous_2)
FN:146,(anonymous_3)
FN:148,(anonymous_4)
FN:152,(anonymous_5)
FN:162,(anonymous_6)
FN:180,(anonymous_7)
FNF:8
FNH:8
FNDA:1,(anonymous_0)
FNDA:1,(anonymous_1)
FNDA:6,(anonymous_2)
FNDA:3,(anonymous_3)
FNDA:6,(anonymous_4)
FNDA:3,(anonymous_5)
FNDA:1,(anonymous_6)
FNDA:1,(anonymous_7)
DA:11,1
DA:118,1
DA:145,6
DA:146,6
DA:149,6
DA:150,6
DA:154,3
DA:155,3
DA:163,1
DA:164,1
DA:165,1
DA:166,1
DA:167,4
DA:169,1
DA:170,1
DA:173,3
DA:181,1
DA:182,1
DA:186,1
LF:19
LH:19
BRDA:167,0,0,1
BRDA:167,0,1,3
BRF:2
BRH:2
end_of_record
