TN:
SF:C:\Users\User1\Desktop\Udaan\udaan/src/udaan-app/ajax-call.js
FN:8,(anonymous_0)
FN:18,(anonymous_1)
FN:30,(anonymous_2)
FN:43,(anonymous_3)
FN:62,(anonymous_4)
FNF:5
FNH:4
FNDA:1,(anonymous_0)
FNDA:1,(anonymous_1)
FNDA:6,(anonymous_2)
FNDA:0,(anonymous_3)
FNDA:5,(anonymous_4)
DA:9,1
DA:19,1
DA:31,6
DA:32,6
DA:33,6
DA:34,6
DA:35,6
DA:36,6
DA:44,0
DA:45,0
DA:46,0
DA:48,0
DA:49,0
DA:50,0
DA:56,0
DA:58,0
DA:64,5
DA:65,5
DA:66,5
DA:67,5
DA:68,5
DA:73,1
LF:22
LH:14
BRDA:33,0,0,0
BRDA:33,0,1,6
BRDA:48,1,0,0
BRDA:48,1,1,0
BRDA:48,1,2,0
BRDA:48,1,3,0
BRDA:66,2,0,5
BRF:7
BRH:2
end_of_record
TN:
SF:C:\Users\User1\Desktop\Udaan\udaan/src/udaan-app/donation-details.js
FN:12,(anonymous_0)
FN:103,(anonymous_1)
FN:117,(anonymous_2)
FN:120,(anonymous_3)
FN:122,(anonymous_4)
FN:127,(anonymous_5)
FN:132,(anonymous_6)
FNF:7
FNH:7
FNDA:1,(anonymous_0)
FNDA:1,(anonymous_1)
FNDA:6,(anonymous_2)
FNDA:6,(anonymous_3)
FNDA:6,(anonymous_4)
FNDA:6,(anonymous_5)
FNDA:1,(anonymous_6)
DA:13,1
DA:104,1
DA:119,6
DA:120,6
DA:124,6
DA:125,6
DA:129,6
DA:130,6
DA:134,1
DA:135,1
DA:136,1
DA:137,1
DA:138,1
DA:139,1
DA:140,1
DA:141,1
DA:145,1
LF:17
LH:17
BRF:0
BRH:0
end_of_record
